
Script analyze_data.r in Rscript started at 2025-07-03 12:01:29
Script analyze_data.r finished successfully at 2025-07-03 12:01:30
Output: ── Attaching core tidyverse packages ──────────────────────── tidyverse 2.0.0 ──
✔ dplyr     1.1.4     ✔ readr     2.1.5
✔ forcats   1.0.0     ✔ stringr   1.5.1
✔ ggplot2   3.5.2     ✔ tibble    3.3.0
✔ lubridate 1.9.4     ✔ tidyr     1.3.1
✔ purrr     1.0.4     
── Conflicts ────────────────────────────────────────── tidyverse_conflicts() ──
✖ dplyr::filter() masks stats::filter()
✖ dplyr::lag()    masks stats::lag()
ℹ Use the conflicted package (<http://conflicted.r-lib.org/>) to force all conflicts to become errors

Please cite as: 

 Hlavac, Marek (2022). stargazer: Well-Formatted Regression and Summary Statistics Tables.
 R package version 5.2.3. https://CRAN.R-project.org/package=stargazer 


% Table created by stargazer v.5.2.3 by Marek Hlavac, Social Policy Institute. E-mail: marek.hlavac at gmail.com
% Date and time: Thu, Jul 03, 2025 - 12:01:29
% Requires LaTeX packages: dcolumn 
egin{tabular}{@{xtracolsep{5pt}}lD{.}{.}{-3} D{.}{.}{-3} D{.}{.}{-3} } 
\[-1.8ex]\hline 
\hline \[-1.8ex] 
 & \multicolumn{3}{c}{	extit{Dependent variable:}} \ 

The following files were created in analyze_data.r:
figure_hwy.jpg figure_city.jpg table_reg.tex 

make.sh finished at 2025-07-03 12:01:30
